<?xml version="1.0" encoding="UTF-8"?>
<testsuite xmlns:xsi="http://www.w3.org/2001/XMLSchema-instance" xsi:noNamespaceSchemaLocation="https://maven.apache.org/surefire/maven-surefire-plugin/xsd/surefire-test-report-3.0.xsd" version="3.0" name="com.persons.PersonControllerTest" time="11.351" tests="7" errors="0" skipped="0" failures="0">
  <properties>
[...]
</properties>
  <testcase name="testCheckConsumedUnits" classname="com.persons.PersonControllerTest" time="3.533"/>
  <testcase name="testCheckConsumedUnitsById" classname="com.persons.PersonControllerTest" time="0.069"/>
  <testcase name="testCheckConsumedUnitsByNameForNegative" classname="com.persons.PersonControllerTest" time="0.075"/>
  <testcase name="testCheckConsumedUnitsByName" classname="com.persons.PersonControllerTest" time="0.035"/>
  <testcase name="testCheckConsumedUnitsByIdPositiveCheck" classname="com.persons.PersonControllerTest" time="0.105"/>
  <testcase name="testCheckConsumedUnitsPositive" classname="com.persons.PersonControllerTest" time="0.113"/>
  <testcase name="testCreateSearchPersonsPageFormInvalidUser" classname="com.persons.PersonControllerTest" time="0.016"/>
</testsuite>